<?xml version="1.0" encoding="UTF-8"?>
<testng-results skipped="0" failed="16" ignored="0" total="17" passed="1">
  <reporter-output>
  </reporter-output>
  <suite name="Suite" duration-ms="1174483" started-at="2021-07-04T10:16:08Z" finished-at="2021-07-04T10:35:43Z">
    <groups>
    </groups>
    <test name="Test" duration-ms="1174483" started-at="2021-07-04T10:16:08Z" finished-at="2021-07-04T10:35:43Z">
      <class name="com.mobius.pagetest.HomePageTest">
        <test-method status="PASS" signature="callextenreports()[pri:0, instance:com.mobius.pagetest.HomePageTest@6d7b4f4c]" name="callextenreports" is-config="true" duration-ms="505" started-at="2021-07-04T10:16:08Z" finished-at="2021-07-04T10:16:09Z">
          <reporter-output>
          </reporter-output>
        </test-method> <!-- callextenreports -->
        <test-method status="PASS" signature="intialisebrowser()[pri:0, instance:com.mobius.pagetest.HomePageTest@6d7b4f4c]" name="intialisebrowser" is-config="true" duration-ms="24307" started-at="2021-07-04T10:16:09Z" finished-at="2021-07-04T10:16:33Z">
          <reporter-output>
          </reporter-output>
        </test-method> <!-- intialisebrowser -->
        <test-method status="PASS" signature="findbrlogin()[pri:1, instance:com.mobius.pagetest.HomePageTest@6d7b4f4c]" name="findbrlogin" duration-ms="2359" started-at="2021-07-04T10:16:33Z" finished-at="2021-07-04T10:16:36Z">
          <reporter-output>
          </reporter-output>
        </test-method> <!-- findbrlogin -->
        <test-method status="PASS" signature="closemethod()[pri:0, instance:com.mobius.pagetest.HomePageTest@6d7b4f4c]" name="closemethod" is-config="true" duration-ms="685" started-at="2021-07-04T10:16:36Z" finished-at="2021-07-04T10:16:36Z">
          <reporter-output>
          </reporter-output>
        </test-method> <!-- closemethod -->
        <test-method status="PASS" signature="intialisebrowser()[pri:0, instance:com.mobius.pagetest.HomePageTest@6d7b4f4c]" name="intialisebrowser" is-config="true" duration-ms="22930" started-at="2021-07-04T10:16:36Z" finished-at="2021-07-04T10:16:59Z">
          <reporter-output>
          </reporter-output>
        </test-method> <!-- intialisebrowser -->
        <test-method status="FAIL" signature="abourummypage()[pri:2, instance:com.mobius.pagetest.HomePageTest@6d7b4f4c]" name="abourummypage" duration-ms="62576" started-at="2021-07-04T10:16:59Z" finished-at="2021-07-04T10:18:02Z">
          <exception class="junit.framework.AssertionFailedError">
            <message>
              <![CDATA[expected:<0> but was:<6>]]>
            </message>
            <full-stacktrace>
              <![CDATA[junit.framework.AssertionFailedError: expected:<0> but was:<6>
at junit.framework.Assert.fail(Assert.java:57)
at junit.framework.Assert.failNotEquals(Assert.java:329)
at junit.framework.Assert.assertEquals(Assert.java:78)
at junit.framework.Assert.assertEquals(Assert.java:234)
at junit.framework.Assert.assertEquals(Assert.java:241)
at com.mobius.pagetest.HomePageTest.abourummypage(HomePageTest.java:60)
at sun.reflect.NativeMethodAccessorImpl.invoke0(Native Method)
at sun.reflect.NativeMethodAccessorImpl.invoke(Unknown Source)
at sun.reflect.DelegatingMethodAccessorImpl.invoke(Unknown Source)
at java.lang.reflect.Method.invoke(Unknown Source)
at org.testng.internal.MethodInvocationHelper.invokeMethod(MethodInvocationHelper.java:124)
at org.testng.internal.Invoker.invokeMethod(Invoker.java:583)
at org.testng.internal.Invoker.invokeTestMethod(Invoker.java:719)
at org.testng.internal.Invoker.invokeTestMethods(Invoker.java:989)
at org.testng.internal.TestMethodWorker.invokeTestMethods(TestMethodWorker.java:125)
at org.testng.internal.TestMethodWorker.run(TestMethodWorker.java:109)
at java.util.concurrent.ThreadPoolExecutor.runWorker(Unknown Source)
at java.util.concurrent.ThreadPoolExecutor$Worker.run(Unknown Source)
at java.lang.Thread.run(Unknown Source)
]]>
            </full-stacktrace>
          </exception> <!-- junit.framework.AssertionFailedError -->
          <reporter-output>
          </reporter-output>
        </test-method> <!-- abourummypage -->
        <test-method status="PASS" signature="closemethod()[pri:0, instance:com.mobius.pagetest.HomePageTest@6d7b4f4c]" name="closemethod" is-config="true" duration-ms="536" started-at="2021-07-04T10:18:02Z" finished-at="2021-07-04T10:18:02Z">
          <reporter-output>
          </reporter-output>
        </test-method> <!-- closemethod -->
        <test-method status="PASS" signature="intialisebrowser()[pri:0, instance:com.mobius.pagetest.HomePageTest@6d7b4f4c]" name="intialisebrowser" is-config="true" duration-ms="17776" started-at="2021-07-04T10:18:02Z" finished-at="2021-07-04T10:18:20Z">
          <reporter-output>
          </reporter-output>
        </test-method> <!-- intialisebrowser -->
        <test-method status="FAIL" signature="howtoplayrummy()[pri:3, instance:com.mobius.pagetest.HomePageTest@6d7b4f4c]" name="howtoplayrummy" duration-ms="45505" started-at="2021-07-04T10:18:20Z" finished-at="2021-07-04T10:19:06Z">
          <exception class="junit.framework.AssertionFailedError">
            <message>
              <![CDATA[expected:<0> but was:<6>]]>
            </message>
            <full-stacktrace>
              <![CDATA[junit.framework.AssertionFailedError: expected:<0> but was:<6>
at junit.framework.Assert.fail(Assert.java:57)
at junit.framework.Assert.failNotEquals(Assert.java:329)
at junit.framework.Assert.assertEquals(Assert.java:78)
at junit.framework.Assert.assertEquals(Assert.java:234)
at junit.framework.Assert.assertEquals(Assert.java:241)
at com.mobius.pagetest.HomePageTest.howtoplayrummy(HomePageTest.java:74)
at sun.reflect.NativeMethodAccessorImpl.invoke0(Native Method)
at sun.reflect.NativeMethodAccessorImpl.invoke(Unknown Source)
at sun.reflect.DelegatingMethodAccessorImpl.invoke(Unknown Source)
at java.lang.reflect.Method.invoke(Unknown Source)
at org.testng.internal.MethodInvocationHelper.invokeMethod(MethodInvocationHelper.java:124)
at org.testng.internal.Invoker.invokeMethod(Invoker.java:583)
at org.testng.internal.Invoker.invokeTestMethod(Invoker.java:719)
at org.testng.internal.Invoker.invokeTestMethods(Invoker.java:989)
at org.testng.internal.TestMethodWorker.invokeTestMethods(TestMethodWorker.java:125)
at org.testng.internal.TestMethodWorker.run(TestMethodWorker.java:109)
at java.util.concurrent.ThreadPoolExecutor.runWorker(Unknown Source)
at java.util.concurrent.ThreadPoolExecutor$Worker.run(Unknown Source)
at java.lang.Thread.run(Unknown Source)
]]>
            </full-stacktrace>
          </exception> <!-- junit.framework.AssertionFailedError -->
          <reporter-output>
          </reporter-output>
        </test-method> <!-- howtoplayrummy -->
        <test-method status="PASS" signature="closemethod()[pri:0, instance:com.mobius.pagetest.HomePageTest@6d7b4f4c]" name="closemethod" is-config="true" duration-ms="1574" started-at="2021-07-04T10:19:06Z" finished-at="2021-07-04T10:19:07Z">
          <reporter-output>
          </reporter-output>
        </test-method> <!-- closemethod -->
        <test-method status="PASS" signature="intialisebrowser()[pri:0, instance:com.mobius.pagetest.HomePageTest@6d7b4f4c]" name="intialisebrowser" is-config="true" duration-ms="19800" started-at="2021-07-04T10:19:07Z" finished-at="2021-07-04T10:19:27Z">
          <reporter-output>
          </reporter-output>
        </test-method> <!-- intialisebrowser -->
        <test-method status="FAIL" signature="ReferandEarn()[pri:4, instance:com.mobius.pagetest.HomePageTest@6d7b4f4c]" name="ReferandEarn" duration-ms="48566" started-at="2021-07-04T10:19:27Z" finished-at="2021-07-04T10:20:16Z">
          <exception class="junit.framework.AssertionFailedError">
            <message>
              <![CDATA[expected:<0> but was:<6>]]>
            </message>
            <full-stacktrace>
              <![CDATA[junit.framework.AssertionFailedError: expected:<0> but was:<6>
at junit.framework.Assert.fail(Assert.java:57)
at junit.framework.Assert.failNotEquals(Assert.java:329)
at junit.framework.Assert.assertEquals(Assert.java:78)
at junit.framework.Assert.assertEquals(Assert.java:234)
at junit.framework.Assert.assertEquals(Assert.java:241)
at com.mobius.pagetest.HomePageTest.ReferandEarn(HomePageTest.java:91)
at sun.reflect.NativeMethodAccessorImpl.invoke0(Native Method)
at sun.reflect.NativeMethodAccessorImpl.invoke(Unknown Source)
at sun.reflect.DelegatingMethodAccessorImpl.invoke(Unknown Source)
at java.lang.reflect.Method.invoke(Unknown Source)
at org.testng.internal.MethodInvocationHelper.invokeMethod(MethodInvocationHelper.java:124)
at org.testng.internal.Invoker.invokeMethod(Invoker.java:583)
at org.testng.internal.Invoker.invokeTestMethod(Invoker.java:719)
at org.testng.internal.Invoker.invokeTestMethods(Invoker.java:989)
at org.testng.internal.TestMethodWorker.invokeTestMethods(TestMethodWorker.java:125)
at org.testng.internal.TestMethodWorker.run(TestMethodWorker.java:109)
at java.util.concurrent.ThreadPoolExecutor.runWorker(Unknown Source)
at java.util.concurrent.ThreadPoolExecutor$Worker.run(Unknown Source)
at java.lang.Thread.run(Unknown Source)
]]>
            </full-stacktrace>
          </exception> <!-- junit.framework.AssertionFailedError -->
          <reporter-output>
          </reporter-output>
        </test-method> <!-- ReferandEarn -->
        <test-method status="PASS" signature="closemethod()[pri:0, instance:com.mobius.pagetest.HomePageTest@6d7b4f4c]" name="closemethod" is-config="true" duration-ms="529" started-at="2021-07-04T10:20:16Z" finished-at="2021-07-04T10:20:16Z">
          <reporter-output>
          </reporter-output>
        </test-method> <!-- closemethod -->
        <test-method status="PASS" signature="intialisebrowser()[pri:0, instance:com.mobius.pagetest.HomePageTest@6d7b4f4c]" name="intialisebrowser" is-config="true" duration-ms="17802" started-at="2021-07-04T10:20:16Z" finished-at="2021-07-04T10:20:34Z">
          <reporter-output>
          </reporter-output>
        </test-method> <!-- intialisebrowser -->
        <test-method status="FAIL" signature="InstanCashBonus()[pri:5, instance:com.mobius.pagetest.HomePageTest@6d7b4f4c]" name="InstanCashBonus" duration-ms="148840" started-at="2021-07-04T10:20:34Z" finished-at="2021-07-04T10:23:03Z">
          <exception class="junit.framework.AssertionFailedError">
            <message>
              <![CDATA[expected:<0> but was:<6>]]>
            </message>
            <full-stacktrace>
              <![CDATA[junit.framework.AssertionFailedError: expected:<0> but was:<6>
at junit.framework.Assert.fail(Assert.java:57)
at junit.framework.Assert.failNotEquals(Assert.java:329)
at junit.framework.Assert.assertEquals(Assert.java:78)
at junit.framework.Assert.assertEquals(Assert.java:234)
at junit.framework.Assert.assertEquals(Assert.java:241)
at com.mobius.pagetest.HomePageTest.InstanCashBonus(HomePageTest.java:106)
at sun.reflect.NativeMethodAccessorImpl.invoke0(Native Method)
at sun.reflect.NativeMethodAccessorImpl.invoke(Unknown Source)
at sun.reflect.DelegatingMethodAccessorImpl.invoke(Unknown Source)
at java.lang.reflect.Method.invoke(Unknown Source)
at org.testng.internal.MethodInvocationHelper.invokeMethod(MethodInvocationHelper.java:124)
at org.testng.internal.Invoker.invokeMethod(Invoker.java:583)
at org.testng.internal.Invoker.invokeTestMethod(Invoker.java:719)
at org.testng.internal.Invoker.invokeTestMethods(Invoker.java:989)
at org.testng.internal.TestMethodWorker.invokeTestMethods(TestMethodWorker.java:125)
at org.testng.internal.TestMethodWorker.run(TestMethodWorker.java:109)
at java.util.concurrent.ThreadPoolExecutor.runWorker(Unknown Source)
at java.util.concurrent.ThreadPoolExecutor$Worker.run(Unknown Source)
at java.lang.Thread.run(Unknown Source)
]]>
            </full-stacktrace>
          </exception> <!-- junit.framework.AssertionFailedError -->
          <reporter-output>
          </reporter-output>
        </test-method> <!-- InstanCashBonus -->
        <test-method status="PASS" signature="closemethod()[pri:0, instance:com.mobius.pagetest.HomePageTest@6d7b4f4c]" name="closemethod" is-config="true" duration-ms="741" started-at="2021-07-04T10:23:03Z" finished-at="2021-07-04T10:23:03Z">
          <reporter-output>
          </reporter-output>
        </test-method> <!-- closemethod -->
        <test-method status="PASS" signature="intialisebrowser()[pri:0, instance:com.mobius.pagetest.HomePageTest@6d7b4f4c]" name="intialisebrowser" is-config="true" duration-ms="54400" started-at="2021-07-04T10:23:03Z" finished-at="2021-07-04T10:23:58Z">
          <reporter-output>
          </reporter-output>
        </test-method> <!-- intialisebrowser -->
        <test-method status="FAIL" signature="Depositsclick()[pri:6, instance:com.mobius.pagetest.HomePageTest@6d7b4f4c]" name="Depositsclick" duration-ms="40905" started-at="2021-07-04T10:23:58Z" finished-at="2021-07-04T10:24:39Z">
          <exception class="junit.framework.AssertionFailedError">
            <message>
              <![CDATA[expected:<0> but was:<10>]]>
            </message>
            <full-stacktrace>
              <![CDATA[junit.framework.AssertionFailedError: expected:<0> but was:<10>
at junit.framework.Assert.fail(Assert.java:57)
at junit.framework.Assert.failNotEquals(Assert.java:329)
at junit.framework.Assert.assertEquals(Assert.java:78)
at junit.framework.Assert.assertEquals(Assert.java:234)
at junit.framework.Assert.assertEquals(Assert.java:241)
at com.mobius.pagetest.HomePageTest.Depositsclick(HomePageTest.java:122)
at sun.reflect.NativeMethodAccessorImpl.invoke0(Native Method)
at sun.reflect.NativeMethodAccessorImpl.invoke(Unknown Source)
at sun.reflect.DelegatingMethodAccessorImpl.invoke(Unknown Source)
at java.lang.reflect.Method.invoke(Unknown Source)
at org.testng.internal.MethodInvocationHelper.invokeMethod(MethodInvocationHelper.java:124)
at org.testng.internal.Invoker.invokeMethod(Invoker.java:583)
at org.testng.internal.Invoker.invokeTestMethod(Invoker.java:719)
at org.testng.internal.Invoker.invokeTestMethods(Invoker.java:989)
at org.testng.internal.TestMethodWorker.invokeTestMethods(TestMethodWorker.java:125)
at org.testng.internal.TestMethodWorker.run(TestMethodWorker.java:109)
at java.util.concurrent.ThreadPoolExecutor.runWorker(Unknown Source)
at java.util.concurrent.ThreadPoolExecutor$Worker.run(Unknown Source)
at java.lang.Thread.run(Unknown Source)
]]>
            </full-stacktrace>
          </exception> <!-- junit.framework.AssertionFailedError -->
          <reporter-output>
          </reporter-output>
        </test-method> <!-- Depositsclick -->
        <test-method status="PASS" signature="closemethod()[pri:0, instance:com.mobius.pagetest.HomePageTest@6d7b4f4c]" name="closemethod" is-config="true" duration-ms="4210" started-at="2021-07-04T10:24:39Z" finished-at="2021-07-04T10:24:43Z">
          <reporter-output>
          </reporter-output>
        </test-method> <!-- closemethod -->
        <test-method status="PASS" signature="intialisebrowser()[pri:0, instance:com.mobius.pagetest.HomePageTest@6d7b4f4c]" name="intialisebrowser" is-config="true" duration-ms="10503" started-at="2021-07-04T10:24:43Z" finished-at="2021-07-04T10:24:53Z">
          <reporter-output>
          </reporter-output>
        </test-method> <!-- intialisebrowser -->
        <test-method status="FAIL" signature="withdrawlclick()[pri:7, instance:com.mobius.pagetest.HomePageTest@6d7b4f4c]" name="withdrawlclick" duration-ms="49350" started-at="2021-07-04T10:24:53Z" finished-at="2021-07-04T10:25:43Z">
          <exception class="junit.framework.AssertionFailedError">
            <message>
              <![CDATA[expected:<0> but was:<6>]]>
            </message>
            <full-stacktrace>
              <![CDATA[junit.framework.AssertionFailedError: expected:<0> but was:<6>
at junit.framework.Assert.fail(Assert.java:57)
at junit.framework.Assert.failNotEquals(Assert.java:329)
at junit.framework.Assert.assertEquals(Assert.java:78)
at junit.framework.Assert.assertEquals(Assert.java:234)
at junit.framework.Assert.assertEquals(Assert.java:241)
at com.mobius.pagetest.HomePageTest.withdrawlclick(HomePageTest.java:137)
at sun.reflect.NativeMethodAccessorImpl.invoke0(Native Method)
at sun.reflect.NativeMethodAccessorImpl.invoke(Unknown Source)
at sun.reflect.DelegatingMethodAccessorImpl.invoke(Unknown Source)
at java.lang.reflect.Method.invoke(Unknown Source)
at org.testng.internal.MethodInvocationHelper.invokeMethod(MethodInvocationHelper.java:124)
at org.testng.internal.Invoker.invokeMethod(Invoker.java:583)
at org.testng.internal.Invoker.invokeTestMethod(Invoker.java:719)
at org.testng.internal.Invoker.invokeTestMethods(Invoker.java:989)
at org.testng.internal.TestMethodWorker.invokeTestMethods(TestMethodWorker.java:125)
at org.testng.internal.TestMethodWorker.run(TestMethodWorker.java:109)
at java.util.concurrent.ThreadPoolExecutor.runWorker(Unknown Source)
at java.util.concurrent.ThreadPoolExecutor$Worker.run(Unknown Source)
at java.lang.Thread.run(Unknown Source)
]]>
            </full-stacktrace>
          </exception> <!-- junit.framework.AssertionFailedError -->
          <reporter-output>
          </reporter-output>
        </test-method> <!-- withdrawlclick -->
        <test-method status="PASS" signature="closemethod()[pri:0, instance:com.mobius.pagetest.HomePageTest@6d7b4f4c]" name="closemethod" is-config="true" duration-ms="308" started-at="2021-07-04T10:25:43Z" finished-at="2021-07-04T10:25:43Z">
          <reporter-output>
          </reporter-output>
        </test-method> <!-- closemethod -->
        <test-method status="PASS" signature="intialisebrowser()[pri:0, instance:com.mobius.pagetest.HomePageTest@6d7b4f4c]" name="intialisebrowser" is-config="true" duration-ms="11274" started-at="2021-07-04T10:25:43Z" finished-at="2021-07-04T10:25:54Z">
          <reporter-output>
          </reporter-output>
        </test-method> <!-- intialisebrowser -->
        <test-method status="FAIL" signature="LoyalityProgram()[pri:8, instance:com.mobius.pagetest.HomePageTest@6d7b4f4c]" name="LoyalityProgram" duration-ms="87910" started-at="2021-07-04T10:25:54Z" finished-at="2021-07-04T10:27:22Z">
          <exception class="junit.framework.AssertionFailedError">
            <message>
              <![CDATA[expected:<0> but was:<6>]]>
            </message>
            <full-stacktrace>
              <![CDATA[junit.framework.AssertionFailedError: expected:<0> but was:<6>
at junit.framework.Assert.fail(Assert.java:57)
at junit.framework.Assert.failNotEquals(Assert.java:329)
at junit.framework.Assert.assertEquals(Assert.java:78)
at junit.framework.Assert.assertEquals(Assert.java:234)
at junit.framework.Assert.assertEquals(Assert.java:241)
at com.mobius.pagetest.HomePageTest.LoyalityProgram(HomePageTest.java:152)
at sun.reflect.NativeMethodAccessorImpl.invoke0(Native Method)
at sun.reflect.NativeMethodAccessorImpl.invoke(Unknown Source)
at sun.reflect.DelegatingMethodAccessorImpl.invoke(Unknown Source)
at java.lang.reflect.Method.invoke(Unknown Source)
at org.testng.internal.MethodInvocationHelper.invokeMethod(MethodInvocationHelper.java:124)
at org.testng.internal.Invoker.invokeMethod(Invoker.java:583)
at org.testng.internal.Invoker.invokeTestMethod(Invoker.java:719)
at org.testng.internal.Invoker.invokeTestMethods(Invoker.java:989)
at org.testng.internal.TestMethodWorker.invokeTestMethods(TestMethodWorker.java:125)
at org.testng.internal.TestMethodWorker.run(TestMethodWorker.java:109)
at java.util.concurrent.ThreadPoolExecutor.runWorker(Unknown Source)
at java.util.concurrent.ThreadPoolExecutor$Worker.run(Unknown Source)
at java.lang.Thread.run(Unknown Source)
]]>
            </full-stacktrace>
          </exception> <!-- junit.framework.AssertionFailedError -->
          <reporter-output>
          </reporter-output>
        </test-method> <!-- LoyalityProgram -->
        <test-method status="PASS" signature="closemethod()[pri:0, instance:com.mobius.pagetest.HomePageTest@6d7b4f4c]" name="closemethod" is-config="true" duration-ms="486" started-at="2021-07-04T10:27:22Z" finished-at="2021-07-04T10:27:23Z">
          <reporter-output>
          </reporter-output>
        </test-method> <!-- closemethod -->
        <test-method status="PASS" signature="intialisebrowser()[pri:0, instance:com.mobius.pagetest.HomePageTest@6d7b4f4c]" name="intialisebrowser" is-config="true" duration-ms="10476" started-at="2021-07-04T10:27:23Z" finished-at="2021-07-04T10:27:33Z">
          <reporter-output>
          </reporter-output>
        </test-method> <!-- intialisebrowser -->
        <test-method status="FAIL" signature="Allofferspage()[pri:9, instance:com.mobius.pagetest.HomePageTest@6d7b4f4c]" name="Allofferspage" duration-ms="40703" started-at="2021-07-04T10:27:33Z" finished-at="2021-07-04T10:28:14Z">
          <exception class="junit.framework.AssertionFailedError">
            <message>
              <![CDATA[expected:<0> but was:<6>]]>
            </message>
            <full-stacktrace>
              <![CDATA[junit.framework.AssertionFailedError: expected:<0> but was:<6>
at junit.framework.Assert.fail(Assert.java:57)
at junit.framework.Assert.failNotEquals(Assert.java:329)
at junit.framework.Assert.assertEquals(Assert.java:78)
at junit.framework.Assert.assertEquals(Assert.java:234)
at junit.framework.Assert.assertEquals(Assert.java:241)
at com.mobius.pagetest.HomePageTest.Allofferspage(HomePageTest.java:167)
at sun.reflect.NativeMethodAccessorImpl.invoke0(Native Method)
at sun.reflect.NativeMethodAccessorImpl.invoke(Unknown Source)
at sun.reflect.DelegatingMethodAccessorImpl.invoke(Unknown Source)
at java.lang.reflect.Method.invoke(Unknown Source)
at org.testng.internal.MethodInvocationHelper.invokeMethod(MethodInvocationHelper.java:124)
at org.testng.internal.Invoker.invokeMethod(Invoker.java:583)
at org.testng.internal.Invoker.invokeTestMethod(Invoker.java:719)
at org.testng.internal.Invoker.invokeTestMethods(Invoker.java:989)
at org.testng.internal.TestMethodWorker.invokeTestMethods(TestMethodWorker.java:125)
at org.testng.internal.TestMethodWorker.run(TestMethodWorker.java:109)
at java.util.concurrent.ThreadPoolExecutor.runWorker(Unknown Source)
at java.util.concurrent.ThreadPoolExecutor$Worker.run(Unknown Source)
at java.lang.Thread.run(Unknown Source)
]]>
            </full-stacktrace>
          </exception> <!-- junit.framework.AssertionFailedError -->
          <reporter-output>
          </reporter-output>
        </test-method> <!-- Allofferspage -->
        <test-method status="PASS" signature="closemethod()[pri:0, instance:com.mobius.pagetest.HomePageTest@6d7b4f4c]" name="closemethod" is-config="true" duration-ms="4547" started-at="2021-07-04T10:28:14Z" finished-at="2021-07-04T10:28:19Z">
          <reporter-output>
          </reporter-output>
        </test-method> <!-- closemethod -->
        <test-method status="PASS" signature="intialisebrowser()[pri:0, instance:com.mobius.pagetest.HomePageTest@6d7b4f4c]" name="intialisebrowser" is-config="true" duration-ms="14069" started-at="2021-07-04T10:28:19Z" finished-at="2021-07-04T10:28:33Z">
          <reporter-output>
          </reporter-output>
        </test-method> <!-- intialisebrowser -->
        <test-method status="FAIL" signature="Clubhousepage()[pri:10, instance:com.mobius.pagetest.HomePageTest@6d7b4f4c]" name="Clubhousepage" duration-ms="47558" started-at="2021-07-04T10:28:33Z" finished-at="2021-07-04T10:29:20Z">
          <exception class="junit.framework.AssertionFailedError">
            <message>
              <![CDATA[expected:<0> but was:<6>]]>
            </message>
            <full-stacktrace>
              <![CDATA[junit.framework.AssertionFailedError: expected:<0> but was:<6>
at junit.framework.Assert.fail(Assert.java:57)
at junit.framework.Assert.failNotEquals(Assert.java:329)
at junit.framework.Assert.assertEquals(Assert.java:78)
at junit.framework.Assert.assertEquals(Assert.java:234)
at junit.framework.Assert.assertEquals(Assert.java:241)
at com.mobius.pagetest.HomePageTest.Clubhousepage(HomePageTest.java:183)
at sun.reflect.NativeMethodAccessorImpl.invoke0(Native Method)
at sun.reflect.NativeMethodAccessorImpl.invoke(Unknown Source)
at sun.reflect.DelegatingMethodAccessorImpl.invoke(Unknown Source)
at java.lang.reflect.Method.invoke(Unknown Source)
at org.testng.internal.MethodInvocationHelper.invokeMethod(MethodInvocationHelper.java:124)
at org.testng.internal.Invoker.invokeMethod(Invoker.java:583)
at org.testng.internal.Invoker.invokeTestMethod(Invoker.java:719)
at org.testng.internal.Invoker.invokeTestMethods(Invoker.java:989)
at org.testng.internal.TestMethodWorker.invokeTestMethods(TestMethodWorker.java:125)
at org.testng.internal.TestMethodWorker.run(TestMethodWorker.java:109)
at java.util.concurrent.ThreadPoolExecutor.runWorker(Unknown Source)
at java.util.concurrent.ThreadPoolExecutor$Worker.run(Unknown Source)
at java.lang.Thread.run(Unknown Source)
]]>
            </full-stacktrace>
          </exception> <!-- junit.framework.AssertionFailedError -->
          <reporter-output>
          </reporter-output>
        </test-method> <!-- Clubhousepage -->
        <test-method status="PASS" signature="closemethod()[pri:0, instance:com.mobius.pagetest.HomePageTest@6d7b4f4c]" name="closemethod" is-config="true" duration-ms="4246" started-at="2021-07-04T10:29:20Z" finished-at="2021-07-04T10:29:24Z">
          <reporter-output>
          </reporter-output>
        </test-method> <!-- closemethod -->
        <test-method status="PASS" signature="intialisebrowser()[pri:0, instance:com.mobius.pagetest.HomePageTest@6d7b4f4c]" name="intialisebrowser" is-config="true" duration-ms="12967" started-at="2021-07-04T10:29:24Z" finished-at="2021-07-04T10:29:37Z">
          <reporter-output>
          </reporter-output>
        </test-method> <!-- intialisebrowser -->
        <test-method status="FAIL" signature="specialOfferspage()[pri:11, instance:com.mobius.pagetest.HomePageTest@6d7b4f4c]" name="specialOfferspage" duration-ms="45904" started-at="2021-07-04T10:29:37Z" finished-at="2021-07-04T10:30:23Z">
          <exception class="junit.framework.AssertionFailedError">
            <message>
              <![CDATA[expected:<0> but was:<6>]]>
            </message>
            <full-stacktrace>
              <![CDATA[junit.framework.AssertionFailedError: expected:<0> but was:<6>
at junit.framework.Assert.fail(Assert.java:57)
at junit.framework.Assert.failNotEquals(Assert.java:329)
at junit.framework.Assert.assertEquals(Assert.java:78)
at junit.framework.Assert.assertEquals(Assert.java:234)
at junit.framework.Assert.assertEquals(Assert.java:241)
at com.mobius.pagetest.HomePageTest.specialOfferspage(HomePageTest.java:198)
at sun.reflect.NativeMethodAccessorImpl.invoke0(Native Method)
at sun.reflect.NativeMethodAccessorImpl.invoke(Unknown Source)
at sun.reflect.DelegatingMethodAccessorImpl.invoke(Unknown Source)
at java.lang.reflect.Method.invoke(Unknown Source)
at org.testng.internal.MethodInvocationHelper.invokeMethod(MethodInvocationHelper.java:124)
at org.testng.internal.Invoker.invokeMethod(Invoker.java:583)
at org.testng.internal.Invoker.invokeTestMethod(Invoker.java:719)
at org.testng.internal.Invoker.invokeTestMethods(Invoker.java:989)
at org.testng.internal.TestMethodWorker.invokeTestMethods(TestMethodWorker.java:125)
at org.testng.internal.TestMethodWorker.run(TestMethodWorker.java:109)
at java.util.concurrent.ThreadPoolExecutor.runWorker(Unknown Source)
at java.util.concurrent.ThreadPoolExecutor$Worker.run(Unknown Source)
at java.lang.Thread.run(Unknown Source)
]]>
            </full-stacktrace>
          </exception> <!-- junit.framework.AssertionFailedError -->
          <reporter-output>
          </reporter-output>
        </test-method> <!-- specialOfferspage -->
        <test-method status="PASS" signature="closemethod()[pri:0, instance:com.mobius.pagetest.HomePageTest@6d7b4f4c]" name="closemethod" is-config="true" duration-ms="4216" started-at="2021-07-04T10:30:23Z" finished-at="2021-07-04T10:30:28Z">
          <reporter-output>
          </reporter-output>
        </test-method> <!-- closemethod -->
        <test-method status="PASS" signature="intialisebrowser()[pri:0, instance:com.mobius.pagetest.HomePageTest@6d7b4f4c]" name="intialisebrowser" is-config="true" duration-ms="11254" started-at="2021-07-04T10:30:28Z" finished-at="2021-07-04T10:30:39Z">
          <reporter-output>
          </reporter-output>
        </test-method> <!-- intialisebrowser -->
        <test-method status="FAIL" signature="NoDepostbonuspage()[pri:12, instance:com.mobius.pagetest.HomePageTest@6d7b4f4c]" name="NoDepostbonuspage" duration-ms="44465" started-at="2021-07-04T10:30:39Z" finished-at="2021-07-04T10:31:23Z">
          <exception class="junit.framework.AssertionFailedError">
            <message>
              <![CDATA[expected:<0> but was:<6>]]>
            </message>
            <full-stacktrace>
              <![CDATA[junit.framework.AssertionFailedError: expected:<0> but was:<6>
at junit.framework.Assert.fail(Assert.java:57)
at junit.framework.Assert.failNotEquals(Assert.java:329)
at junit.framework.Assert.assertEquals(Assert.java:78)
at junit.framework.Assert.assertEquals(Assert.java:234)
at junit.framework.Assert.assertEquals(Assert.java:241)
at com.mobius.pagetest.HomePageTest.NoDepostbonuspage(HomePageTest.java:212)
at sun.reflect.NativeMethodAccessorImpl.invoke0(Native Method)
at sun.reflect.NativeMethodAccessorImpl.invoke(Unknown Source)
at sun.reflect.DelegatingMethodAccessorImpl.invoke(Unknown Source)
at java.lang.reflect.Method.invoke(Unknown Source)
at org.testng.internal.MethodInvocationHelper.invokeMethod(MethodInvocationHelper.java:124)
at org.testng.internal.Invoker.invokeMethod(Invoker.java:583)
at org.testng.internal.Invoker.invokeTestMethod(Invoker.java:719)
at org.testng.internal.Invoker.invokeTestMethods(Invoker.java:989)
at org.testng.internal.TestMethodWorker.invokeTestMethods(TestMethodWorker.java:125)
at org.testng.internal.TestMethodWorker.run(TestMethodWorker.java:109)
at java.util.concurrent.ThreadPoolExecutor.runWorker(Unknown Source)
at java.util.concurrent.ThreadPoolExecutor$Worker.run(Unknown Source)
at java.lang.Thread.run(Unknown Source)
]]>
            </full-stacktrace>
          </exception> <!-- junit.framework.AssertionFailedError -->
          <reporter-output>
          </reporter-output>
        </test-method> <!-- NoDepostbonuspage -->
        <test-method status="PASS" signature="closemethod()[pri:0, instance:com.mobius.pagetest.HomePageTest@6d7b4f4c]" name="closemethod" is-config="true" duration-ms="4210" started-at="2021-07-04T10:31:23Z" finished-at="2021-07-04T10:31:27Z">
          <reporter-output>
          </reporter-output>
        </test-method> <!-- closemethod -->
        <test-method status="PASS" signature="intialisebrowser()[pri:0, instance:com.mobius.pagetest.HomePageTest@6d7b4f4c]" name="intialisebrowser" is-config="true" duration-ms="11010" started-at="2021-07-04T10:31:27Z" finished-at="2021-07-04T10:31:38Z">
          <reporter-output>
          </reporter-output>
        </test-method> <!-- intialisebrowser -->
        <test-method status="FAIL" signature="FirstDepostbonuspage()[pri:13, instance:com.mobius.pagetest.HomePageTest@6d7b4f4c]" name="FirstDepostbonuspage" duration-ms="35918" started-at="2021-07-04T10:31:38Z" finished-at="2021-07-04T10:32:14Z">
          <exception class="junit.framework.AssertionFailedError">
            <message>
              <![CDATA[expected:<0> but was:<6>]]>
            </message>
            <full-stacktrace>
              <![CDATA[junit.framework.AssertionFailedError: expected:<0> but was:<6>
at junit.framework.Assert.fail(Assert.java:57)
at junit.framework.Assert.failNotEquals(Assert.java:329)
at junit.framework.Assert.assertEquals(Assert.java:78)
at junit.framework.Assert.assertEquals(Assert.java:234)
at junit.framework.Assert.assertEquals(Assert.java:241)
at com.mobius.pagetest.HomePageTest.FirstDepostbonuspage(HomePageTest.java:226)
at sun.reflect.NativeMethodAccessorImpl.invoke0(Native Method)
at sun.reflect.NativeMethodAccessorImpl.invoke(Unknown Source)
at sun.reflect.DelegatingMethodAccessorImpl.invoke(Unknown Source)
at java.lang.reflect.Method.invoke(Unknown Source)
at org.testng.internal.MethodInvocationHelper.invokeMethod(MethodInvocationHelper.java:124)
at org.testng.internal.Invoker.invokeMethod(Invoker.java:583)
at org.testng.internal.Invoker.invokeTestMethod(Invoker.java:719)
at org.testng.internal.Invoker.invokeTestMethods(Invoker.java:989)
at org.testng.internal.TestMethodWorker.invokeTestMethods(TestMethodWorker.java:125)
at org.testng.internal.TestMethodWorker.run(TestMethodWorker.java:109)
at java.util.concurrent.ThreadPoolExecutor.runWorker(Unknown Source)
at java.util.concurrent.ThreadPoolExecutor$Worker.run(Unknown Source)
at java.lang.Thread.run(Unknown Source)
]]>
            </full-stacktrace>
          </exception> <!-- junit.framework.AssertionFailedError -->
          <reporter-output>
          </reporter-output>
        </test-method> <!-- FirstDepostbonuspage -->
        <test-method status="PASS" signature="closemethod()[pri:0, instance:com.mobius.pagetest.HomePageTest@6d7b4f4c]" name="closemethod" is-config="true" duration-ms="396" started-at="2021-07-04T10:32:14Z" finished-at="2021-07-04T10:32:15Z">
          <reporter-output>
          </reporter-output>
        </test-method> <!-- closemethod -->
        <test-method status="PASS" signature="intialisebrowser()[pri:0, instance:com.mobius.pagetest.HomePageTest@6d7b4f4c]" name="intialisebrowser" is-config="true" duration-ms="10350" started-at="2021-07-04T10:32:15Z" finished-at="2021-07-04T10:32:25Z">
          <reporter-output>
          </reporter-output>
        </test-method> <!-- intialisebrowser -->
        <test-method status="FAIL" signature="Surproseofferpage()[pri:14, instance:com.mobius.pagetest.HomePageTest@6d7b4f4c]" name="Surproseofferpage" duration-ms="39000" started-at="2021-07-04T10:32:25Z" finished-at="2021-07-04T10:33:04Z">
          <exception class="junit.framework.AssertionFailedError">
            <message>
              <![CDATA[expected:<0> but was:<6>]]>
            </message>
            <full-stacktrace>
              <![CDATA[junit.framework.AssertionFailedError: expected:<0> but was:<6>
at junit.framework.Assert.fail(Assert.java:57)
at junit.framework.Assert.failNotEquals(Assert.java:329)
at junit.framework.Assert.assertEquals(Assert.java:78)
at junit.framework.Assert.assertEquals(Assert.java:234)
at junit.framework.Assert.assertEquals(Assert.java:241)
at com.mobius.pagetest.HomePageTest.Surproseofferpage(HomePageTest.java:254)
at sun.reflect.NativeMethodAccessorImpl.invoke0(Native Method)
at sun.reflect.NativeMethodAccessorImpl.invoke(Unknown Source)
at sun.reflect.DelegatingMethodAccessorImpl.invoke(Unknown Source)
at java.lang.reflect.Method.invoke(Unknown Source)
at org.testng.internal.MethodInvocationHelper.invokeMethod(MethodInvocationHelper.java:124)
at org.testng.internal.Invoker.invokeMethod(Invoker.java:583)
at org.testng.internal.Invoker.invokeTestMethod(Invoker.java:719)
at org.testng.internal.Invoker.invokeTestMethods(Invoker.java:989)
at org.testng.internal.TestMethodWorker.invokeTestMethods(TestMethodWorker.java:125)
at org.testng.internal.TestMethodWorker.run(TestMethodWorker.java:109)
at java.util.concurrent.ThreadPoolExecutor.runWorker(Unknown Source)
at java.util.concurrent.ThreadPoolExecutor$Worker.run(Unknown Source)
at java.lang.Thread.run(Unknown Source)
]]>
            </full-stacktrace>
          </exception> <!-- junit.framework.AssertionFailedError -->
          <reporter-output>
          </reporter-output>
        </test-method> <!-- Surproseofferpage -->
        <test-method status="PASS" signature="closemethod()[pri:0, instance:com.mobius.pagetest.HomePageTest@6d7b4f4c]" name="closemethod" is-config="true" duration-ms="4237" started-at="2021-07-04T10:33:04Z" finished-at="2021-07-04T10:33:08Z">
          <reporter-output>
          </reporter-output>
        </test-method> <!-- closemethod -->
        <test-method status="PASS" signature="intialisebrowser()[pri:0, instance:com.mobius.pagetest.HomePageTest@6d7b4f4c]" name="intialisebrowser" is-config="true" duration-ms="10498" started-at="2021-07-04T10:33:08Z" finished-at="2021-07-04T10:33:19Z">
          <reporter-output>
          </reporter-output>
        </test-method> <!-- intialisebrowser -->
        <test-method status="FAIL" signature="HappyHourpage()[pri:15, instance:com.mobius.pagetest.HomePageTest@6d7b4f4c]" name="HappyHourpage" duration-ms="36282" started-at="2021-07-04T10:33:19Z" finished-at="2021-07-04T10:33:55Z">
          <exception class="junit.framework.AssertionFailedError">
            <message>
              <![CDATA[expected:<0> but was:<6>]]>
            </message>
            <full-stacktrace>
              <![CDATA[junit.framework.AssertionFailedError: expected:<0> but was:<6>
at junit.framework.Assert.fail(Assert.java:57)
at junit.framework.Assert.failNotEquals(Assert.java:329)
at junit.framework.Assert.assertEquals(Assert.java:78)
at junit.framework.Assert.assertEquals(Assert.java:234)
at junit.framework.Assert.assertEquals(Assert.java:241)
at com.mobius.pagetest.HomePageTest.HappyHourpage(HomePageTest.java:268)
at sun.reflect.NativeMethodAccessorImpl.invoke0(Native Method)
at sun.reflect.NativeMethodAccessorImpl.invoke(Unknown Source)
at sun.reflect.DelegatingMethodAccessorImpl.invoke(Unknown Source)
at java.lang.reflect.Method.invoke(Unknown Source)
at org.testng.internal.MethodInvocationHelper.invokeMethod(MethodInvocationHelper.java:124)
at org.testng.internal.Invoker.invokeMethod(Invoker.java:583)
at org.testng.internal.Invoker.invokeTestMethod(Invoker.java:719)
at org.testng.internal.Invoker.invokeTestMethods(Invoker.java:989)
at org.testng.internal.TestMethodWorker.invokeTestMethods(TestMethodWorker.java:125)
at org.testng.internal.TestMethodWorker.run(TestMethodWorker.java:109)
at java.util.concurrent.ThreadPoolExecutor.runWorker(Unknown Source)
at java.util.concurrent.ThreadPoolExecutor$Worker.run(Unknown Source)
at java.lang.Thread.run(Unknown Source)
]]>
            </full-stacktrace>
          </exception> <!-- junit.framework.AssertionFailedError -->
          <reporter-output>
          </reporter-output>
        </test-method> <!-- HappyHourpage -->
        <test-method status="PASS" signature="closemethod()[pri:0, instance:com.mobius.pagetest.HomePageTest@6d7b4f4c]" name="closemethod" is-config="true" duration-ms="174" started-at="2021-07-04T10:33:55Z" finished-at="2021-07-04T10:33:55Z">
          <reporter-output>
          </reporter-output>
        </test-method> <!-- closemethod -->
        <test-method status="PASS" signature="intialisebrowser()[pri:0, instance:com.mobius.pagetest.HomePageTest@6d7b4f4c]" name="intialisebrowser" is-config="true" duration-ms="14288" started-at="2021-07-04T10:33:55Z" finished-at="2021-07-04T10:34:10Z">
          <reporter-output>
          </reporter-output>
        </test-method> <!-- intialisebrowser -->
        <test-method status="FAIL" signature="PowerPlayofferPage()[pri:16, instance:com.mobius.pagetest.HomePageTest@6d7b4f4c]" name="PowerPlayofferPage" duration-ms="32998" started-at="2021-07-04T10:34:10Z" finished-at="2021-07-04T10:34:43Z">
          <exception class="junit.framework.AssertionFailedError">
            <message>
              <![CDATA[expected:<0> but was:<6>]]>
            </message>
            <full-stacktrace>
              <![CDATA[junit.framework.AssertionFailedError: expected:<0> but was:<6>
at junit.framework.Assert.fail(Assert.java:57)
at junit.framework.Assert.failNotEquals(Assert.java:329)
at junit.framework.Assert.assertEquals(Assert.java:78)
at junit.framework.Assert.assertEquals(Assert.java:234)
at junit.framework.Assert.assertEquals(Assert.java:241)
at com.mobius.pagetest.HomePageTest.PowerPlayofferPage(HomePageTest.java:282)
at sun.reflect.NativeMethodAccessorImpl.invoke0(Native Method)
at sun.reflect.NativeMethodAccessorImpl.invoke(Unknown Source)
at sun.reflect.DelegatingMethodAccessorImpl.invoke(Unknown Source)
at java.lang.reflect.Method.invoke(Unknown Source)
at org.testng.internal.MethodInvocationHelper.invokeMethod(MethodInvocationHelper.java:124)
at org.testng.internal.Invoker.invokeMethod(Invoker.java:583)
at org.testng.internal.Invoker.invokeTestMethod(Invoker.java:719)
at org.testng.internal.Invoker.invokeTestMethods(Invoker.java:989)
at org.testng.internal.TestMethodWorker.invokeTestMethods(TestMethodWorker.java:125)
at org.testng.internal.TestMethodWorker.run(TestMethodWorker.java:109)
at java.util.concurrent.ThreadPoolExecutor.runWorker(Unknown Source)
at java.util.concurrent.ThreadPoolExecutor$Worker.run(Unknown Source)
at java.lang.Thread.run(Unknown Source)
]]>
            </full-stacktrace>
          </exception> <!-- junit.framework.AssertionFailedError -->
          <reporter-output>
          </reporter-output>
        </test-method> <!-- PowerPlayofferPage -->
        <test-method status="PASS" signature="closemethod()[pri:0, instance:com.mobius.pagetest.HomePageTest@6d7b4f4c]" name="closemethod" is-config="true" duration-ms="4236" started-at="2021-07-04T10:34:43Z" finished-at="2021-07-04T10:34:47Z">
          <reporter-output>
          </reporter-output>
        </test-method> <!-- closemethod -->
        <test-method status="PASS" signature="intialisebrowser()[pri:0, instance:com.mobius.pagetest.HomePageTest@6d7b4f4c]" name="intialisebrowser" is-config="true" duration-ms="8449" started-at="2021-07-04T10:34:47Z" finished-at="2021-07-04T10:34:55Z">
          <reporter-output>
          </reporter-output>
        </test-method> <!-- intialisebrowser -->
        <test-method status="FAIL" signature="SecondDepostbonuspage()[pri:17, instance:com.mobius.pagetest.HomePageTest@6d7b4f4c]" name="SecondDepostbonuspage" duration-ms="41357" started-at="2021-07-04T10:34:55Z" finished-at="2021-07-04T10:35:37Z">
          <exception class="junit.framework.AssertionFailedError">
            <message>
              <![CDATA[expected:<0> but was:<6>]]>
            </message>
            <full-stacktrace>
              <![CDATA[junit.framework.AssertionFailedError: expected:<0> but was:<6>
at junit.framework.Assert.fail(Assert.java:57)
at junit.framework.Assert.failNotEquals(Assert.java:329)
at junit.framework.Assert.assertEquals(Assert.java:78)
at junit.framework.Assert.assertEquals(Assert.java:234)
at junit.framework.Assert.assertEquals(Assert.java:241)
at com.mobius.pagetest.HomePageTest.SecondDepostbonuspage(HomePageTest.java:240)
at sun.reflect.NativeMethodAccessorImpl.invoke0(Native Method)
at sun.reflect.NativeMethodAccessorImpl.invoke(Unknown Source)
at sun.reflect.DelegatingMethodAccessorImpl.invoke(Unknown Source)
at java.lang.reflect.Method.invoke(Unknown Source)
at org.testng.internal.MethodInvocationHelper.invokeMethod(MethodInvocationHelper.java:124)
at org.testng.internal.Invoker.invokeMethod(Invoker.java:583)
at org.testng.internal.Invoker.invokeTestMethod(Invoker.java:719)
at org.testng.internal.Invoker.invokeTestMethods(Invoker.java:989)
at org.testng.internal.TestMethodWorker.invokeTestMethods(TestMethodWorker.java:125)
at org.testng.internal.TestMethodWorker.run(TestMethodWorker.java:109)
at java.util.concurrent.ThreadPoolExecutor.runWorker(Unknown Source)
at java.util.concurrent.ThreadPoolExecutor$Worker.run(Unknown Source)
at java.lang.Thread.run(Unknown Source)
]]>
            </full-stacktrace>
          </exception> <!-- junit.framework.AssertionFailedError -->
          <reporter-output>
          </reporter-output>
        </test-method> <!-- SecondDepostbonuspage -->
        <test-method status="PASS" signature="closemethod()[pri:0, instance:com.mobius.pagetest.HomePageTest@6d7b4f4c]" name="closemethod" is-config="true" duration-ms="4260" started-at="2021-07-04T10:35:37Z" finished-at="2021-07-04T10:35:41Z">
          <reporter-output>
          </reporter-output>
        </test-method> <!-- closemethod -->
        <test-method status="PASS" signature="flusextenreports()[pri:0, instance:com.mobius.pagetest.HomePageTest@6d7b4f4c]" name="flusextenreports" is-config="true" duration-ms="1812" started-at="2021-07-04T10:35:41Z" finished-at="2021-07-04T10:35:43Z">
          <reporter-output>
          </reporter-output>
        </test-method> <!-- flusextenreports -->
      </class> <!-- com.mobius.pagetest.HomePageTest -->
    </test> <!-- Test -->
  </suite> <!-- Suite -->
</testng-results>
