<?xml version="1.0" encoding="UTF-8"?>
<!-- Generated by org.testng.reporters.JUnitXMLReporter -->
<testsuite hostname="Tirumal-PC" ignored="0" name="Default test" tests="3" failures="0" timestamp="03 Jul 2021 14:09:24 GMT" time="106.292" errors="0">
  <testcase name="findbrlogin" time="4.789" classname="com.mobius.pagetest.HomePageTest"/>
  <testcase name="abourummypage" time="14.669" classname="com.mobius.pagetest.HomePageTest"/>
  <testcase name="howtoplayrummy" time="13.296" classname="com.mobius.pagetest.HomePageTest"/>
</testsuite> <!-- Default test -->
